

times in msec
 clock   self+sourced   self:  sourced script
 clock   elapsed:              other lines

000.004  000.004: --- NVIM STARTING ---
000.138  000.133: event init
000.193  000.055: early init
000.229  000.036: locale set
000.256  000.027: init first window
000.406  000.149: inits 1
000.410  000.004: window checked
000.411  000.002: parsing arguments
000.663  000.040  000.040: require('vim.shared')
000.724  000.022  000.022: require('vim._meta')
000.725  000.061  000.039: require('vim._editor')
000.726  000.119  000.018: require('vim._init_packages')
000.727  000.197: init lua interpreter
000.761  000.034: expanding arguments
000.782  000.021: inits 2
000.945  000.163: init highlight
000.946  000.001: waiting for UI
001.692  000.746: done waiting for UI
001.703  000.011: init screen for UI
001.770  000.067: init default mappings
001.778  000.008: init default autocommands
002.698  000.039  000.039: sourcing /usr/share/nvim/runtime/ftplugin.vim
002.827  000.015  000.015: sourcing /usr/share/nvim/runtime/indent.vim
002.873  000.015  000.015: sourcing $VIM/sysinit.vim
009.410  006.503  006.503: require('impatient')
009.579  000.021  000.021: require('packer.util')
009.594  000.087  000.066: require('packer')
009.659  000.064  000.064: require('packer.log')
009.717  000.022  000.022: require('packer.async')
009.753  000.015  000.015: require('packer.result')
009.754  000.036  000.021: require('packer.jobs')
009.757  000.089  000.031: require('packer.plugin_utils')
009.782  000.021  000.021: require('packer.snapshot')
009.963  000.550  000.288: require('config.plug-def')
010.388  000.006  000.006: sourcing /home/ramojus/.local/share/nvim/site/pack/packer/start/vim-fugitive/ftdetect/fugitive.vim
010.434  000.012  000.012: sourcing /home/ramojus/.local/share/nvim/site/pack/packer/start/vimtex/ftdetect/cls.vim
010.449  000.009  000.009: sourcing /home/ramojus/.local/share/nvim/site/pack/packer/start/vimtex/ftdetect/tex.vim
010.461  000.007  000.007: sourcing /home/ramojus/.local/share/nvim/site/pack/packer/start/vimtex/ftdetect/tikz.vim
010.522  000.005  000.005: sourcing /usr/share/vim/vimfiles/ftdetect/asy_filetype.vim
010.531  000.004  000.004: sourcing /usr/share/vim/vimfiles/ftdetect/ninja.vim
010.725  000.529  000.485: sourcing /usr/share/nvim/runtime/filetype.lua
010.739  000.007  000.007: sourcing /usr/share/nvim/runtime/filetype.vim
010.863  000.003  000.003: sourcing /usr/share/nvim/runtime/ftplugin.vim
010.977  000.003  000.003: sourcing /usr/share/nvim/runtime/indent.vim
011.408  000.016  000.016: sourcing /usr/share/nvim/runtime/keymap/lithuanian-baltic.vim
011.603  001.638  001.079: require('config.settings')
011.724  000.038  000.038: require('config.utils.disable_builtin')
011.726  000.079  000.041: require('config.utils')
011.989  000.385  000.307: require('config.keys')
012.094  000.019  000.019: require('mason-core.path')
012.170  000.038  000.038: require('mason-core.functional')
012.214  000.020  000.020: require('mason-core.functional.data')
012.216  000.040  000.020: require('mason-core.functional.function')
012.241  000.016  000.016: require('mason-core.functional.relation')
012.277  000.033  000.033: require('mason-core.functional.logic')
012.299  000.204  000.077: require('mason-core.platform')
012.386  000.086  000.086: require('mason.settings')
012.387  000.333  000.024: require('mason')
012.503  000.039  000.039: require('mason-core.functional.list')
012.523  000.019  000.019: require('mason-core.functional.string')
012.537  000.140  000.082: require('mason.api.command')
012.563  000.020  000.020: require('mason-registry.sources')
012.632  000.037  000.037: require('mason-core.log')
012.633  000.060  000.023: require('mason-lspconfig')
012.649  000.015  000.015: require('mason-lspconfig.settings')
012.689  000.018  000.018: require('mason-lspconfig.lspconfig_hook')
013.145  000.063  000.063: require('vim.lsp.log')
013.384  000.003  000.003: require('vim.F')
013.386  000.239  000.236: require('vim.lsp.protocol')
013.505  000.051  000.051: require('vim.lsp._snippet')
013.539  000.032  000.032: require('vim.highlight')
013.657  000.270  000.187: require('vim.lsp.util')
013.664  000.638  000.066: require('vim.lsp.handlers')
013.716  000.051  000.051: require('vim.lsp.rpc')
013.743  000.026  000.026: require('vim.lsp.sync')
013.791  000.047  000.047: require('vim.lsp.buf')
013.819  000.027  000.027: require('vim.lsp.diagnostic')
013.850  000.031  000.031: require('vim.lsp.codelens')
013.893  001.172  000.351: require('vim.lsp')
013.965  001.275  000.104: require('lspconfig.util')
014.036  000.023  000.023: require('mason-core.functional.table')
014.063  000.097  000.074: require('mason-lspconfig.mappings.server')
014.102  000.015  000.015: require('mason-core.EventEmitter')
014.119  000.016  000.016: require('mason-core.optional')
014.206  000.063  000.063: require('mason-core.async')
014.220  000.014  000.014: require('mason-core.async.uv')
014.224  000.105  000.028: require('mason-core.fs')
014.234  000.170  000.036: require('mason-registry')
014.249  000.014  000.014: require('mason-lspconfig.server_config_extensions')
014.278  000.028  000.028: require('lspconfig.configs')
014.297  000.018  000.018: require('lspconfig.server_configurations.omnisharp')
014.350  000.014  000.014: require('mason-core.notify')
014.351  000.029  000.015: require('mason-lspconfig.ensure_installed')
014.369  000.016  000.016: require('mason-registry.sources.lua')
014.465  000.021  000.021: require('mason-core.result')
014.499  000.075  000.054: require('mason-core.purl')
014.505  000.114  000.038: require('mason-core.package')
014.603  000.060  000.060: require('mason-core.process')
014.682  000.079  000.079: require('mason-core.spawn')
014.684  000.158  000.020: require('mason-core.managers.powershell')
014.685  000.179  000.021: require('mason-core.fetch')
014.704  000.018  000.018: require('mason-core.providers')
014.773  000.023  000.023: require('mason-core.installer.registry.expr')
014.778  000.053  000.029: require('mason-core.installer.registry.link')
014.785  000.080  000.028: require('mason-core.installer.registry')
014.789  000.419  000.027: require('mason-registry.sources.github')
017.257  000.035  000.035: require('mason-registry.index')
017.313  000.015  000.015: require('mason-core.functional.number')
017.324  000.048  000.033: require('mason-lspconfig.api.command')
017.340  000.015  000.015: require('lspconfig')
017.365  000.025  000.025: require('config.lsp.on_attach')
017.445  000.020  000.020: require('cmp_nvim_lsp.source')
017.446  000.060  000.041: require('cmp_nvim_lsp')
017.476  000.028  000.028: require('config.lsp.settings.cpp')
017.528  000.019  000.019: require('lspconfig.server_configurations.clangd')
017.988  000.022  000.022: require('lspconfig.server_configurations.cmake')
018.303  000.025  000.025: require('lspconfig.server_configurations.html')
018.646  000.073  000.073: require('config.lsp.settings.lua')
018.679  000.029  000.029: require('lspconfig.server_configurations.lua_ls')
019.002  000.042  000.042: require('config.lsp.settings.rust')
019.037  000.028  000.028: require('lspconfig.server_configurations.rust_analyzer')
019.332  000.041  000.041: require('lspconfig.server_configurations.texlab')
019.673  000.091  000.091: require('lspconfig.server_configurations.eslint')
020.047  000.030  000.030: require('lspconfig.server_configurations.julials')
020.096  000.025  000.025: require('mason-lspconfig.server_configurations.julials')
020.260  000.029  000.029: require('lspconfig.server_configurations.gopls')
020.628  000.038  000.038: require('config.lsp.settings.haskell')
020.659  000.027  000.027: require('lspconfig.server_configurations.hls')
020.926  008.899  005.516: require('config.lsp.mason')
021.111  000.140  000.140: require('vim.diagnostic')
021.115  000.189  000.049: require('config.lsp.config')
021.116  009.126  000.039: require('config.lsp')
021.232  000.114  000.114: require('config.auto')
021.233  018.352  000.036: sourcing /home/ramojus/.config/nvim/init.lua
021.236  001.038: sourcing vimrc file(s)
021.407  000.048  000.048: sourcing /usr/share/nvim/runtime/syntax/synload.vim
021.474  000.224  000.176: sourcing /usr/share/nvim/runtime/syntax/syntax.vim
022.268  000.302  000.302: sourcing /usr/share/nvim/site/plugin/fzf.vim
022.389  000.006  000.006: sourcing /usr/share/nvim/runtime/plugin/gzip.vim
022.398  000.004  000.004: sourcing /usr/share/nvim/runtime/plugin/health.vim
022.409  000.005  000.005: sourcing /usr/share/nvim/runtime/plugin/matchit.vim
022.485  000.069  000.069: sourcing /usr/share/nvim/runtime/plugin/matchparen.vim
022.499  000.007  000.007: sourcing /usr/share/nvim/runtime/plugin/netrwPlugin.vim
022.570  000.004  000.004: sourcing /home/ramojus/.local/share/nvim/rplugin.vim
022.572  000.067  000.064: sourcing /usr/share/nvim/runtime/plugin/rplugin.vim
022.607  000.030  000.030: sourcing /usr/share/nvim/runtime/plugin/shada.vim
022.631  000.009  000.009: sourcing /usr/share/nvim/runtime/plugin/spellfile.vim
022.644  000.006  000.006: sourcing /usr/share/nvim/runtime/plugin/tarPlugin.vim
022.661  000.004  000.004: sourcing /usr/share/nvim/runtime/plugin/tohtml.vim
022.675  000.007  000.007: sourcing /usr/share/nvim/runtime/plugin/tutor.vim
022.687  000.006  000.006: sourcing /usr/share/nvim/runtime/plugin/zipPlugin.vim
022.726  000.006  000.006: sourcing /usr/share/vim/vimfiles/plugin/fzf.vim
023.313  000.104  000.104: require('heirline.utils')
023.367  000.051  000.051: require('heirline.highlights')
023.390  000.239  000.084: require('heirline.statusline')
023.395  000.356  000.117: require('heirline')
023.440  000.044  000.044: require('heirline.conditions')
023.687  000.071  000.071: require('config.plugins.heirline.mode')
023.782  000.094  000.094: require('config.plugins.heirline.file')
023.972  000.060  000.060: require('config.plugins.heirline.git')
024.036  000.057  000.057: require('config.plugins.heirline.lsp')
024.620  001.656  000.974: require('config.plugins.heirline')
024.667  000.045  000.045: require('config.plugins.scrollview')
025.921  000.364  000.364: sourcing /home/ramojus/.local/share/nvim/site/pack/packer/start/mellifluous.nvim/colors/mellifluous_vim.vim
025.972  001.303  000.939: require('config.plugins.meliora')
026.051  000.018  000.018: require('gitsigns.async')
026.099  000.018  000.018: require('gitsigns.message')
026.108  000.056  000.038: require('gitsigns.config')
026.125  000.016  000.016: require('gitsigns.debug.log')
026.141  000.016  000.016: require('gitsigns.uv')
026.144  000.131  000.025: require('gitsigns')
026.517  000.543  000.412: require('config.plugins.gitsigns')
026.564  000.016  000.016: require('Comment')
026.579  000.014  000.014: require('Comment.config')
026.657  000.026  000.026: require('Comment.ft')
026.660  000.047  000.021: require('Comment.utils')
026.675  000.014  000.014: require('Comment.opfunc')
026.688  000.013  000.013: require('Comment.extra')
026.690  000.094  000.019: require('Comment.api')
026.694  000.003  000.003: require('vim.keymap')
026.785  000.266  000.140: require('config.plugins.comment')
026.848  000.037  000.037: require('fidget.log')
026.852  000.066  000.028: require('fidget')
026.878  000.023  000.023: require('fidget.spinners')
026.991  000.015  000.015: require('plenary.bit')
027.006  000.015  000.015: require('plenary.functional')
027.017  000.006  000.006: require('ffi')
027.023  000.076  000.040: require('plenary.path')
027.064  000.025  000.025: require('plenary.job')
027.065  000.041  000.016: require('harpoon.utils')
027.126  000.027  000.027: require('plenary.log')
027.140  000.074  000.047: require('harpoon.dev')
027.194  000.036  000.036: require('vim.inspect')
027.517  000.590  000.362: require('harpoon')
027.780  000.883  000.293: require('config.plugins.harpoon')
027.919  000.028  000.028: require('cmp.utils.debug')
027.976  000.040  000.040: require('cmp.utils.char')
027.979  000.059  000.019: require('cmp.utils.str')
027.995  000.015  000.015: require('cmp.utils.pattern')
028.052  000.019  000.019: require('cmp.utils.misc')
028.065  000.012  000.012: require('cmp.utils.buffer')
028.084  000.018  000.018: require('cmp.utils.api')
028.087  000.076  000.027: require('cmp.utils.keymap')
028.088  000.093  000.017: require('cmp.utils.feedkeys')
028.116  000.021  000.021: require('cmp.utils.async')
028.171  000.014  000.014: require('cmp.types.cmp')
028.197  000.025  000.025: require('cmp.types.lsp')
028.209  000.012  000.012: require('cmp.types.vim')
028.210  000.076  000.025: require('cmp.types')
028.224  000.014  000.014: require('cmp.utils.cache')
028.226  000.109  000.020: require('cmp.context')
028.285  000.020  000.020: require('cmp.config.mapping')
028.333  000.020  000.020: require('cmp.config.compare')
028.333  000.037  000.017: require('cmp.config.default')
028.342  000.094  000.037: require('cmp.config')
028.383  000.015  000.015: require('cmp.matcher')
028.386  000.043  000.029: require('cmp.entry')
028.389  000.162  000.026: require('cmp.source')
028.420  000.012  000.012: require('cmp.utils.event')
028.470  000.013  000.013: require('cmp.utils.options')
028.472  000.035  000.022: require('cmp.utils.window')
028.473  000.052  000.017: require('cmp.view.docs_view')
028.517  000.018  000.018: require('cmp.utils.autocmd')
028.521  000.048  000.030: require('cmp.view.custom_entries_view')
028.544  000.022  000.022: require('cmp.view.wildmenu_entries_view')
028.565  000.020  000.020: require('cmp.view.native_entries_view')
028.582  000.017  000.017: require('cmp.view.ghost_text_view')
028.587  000.197  000.026: require('cmp.view')
028.643  000.783  000.099: require('cmp.core')
028.713  000.016  000.016: require('cmp.config.sources')
028.727  000.013  000.013: require('cmp.config.window')
028.751  000.933  000.121: require('cmp')
028.831  000.016  000.016: require('luasnip.session')
028.836  000.047  000.031: require('luasnip.util.util')
028.857  000.020  000.020: require('luasnip.session.snippet_collection')
029.025  000.152  000.152: require('luasnip.util._builtin_vars')
029.078  000.220  000.068: require('luasnip.util.environ')
029.099  000.020  000.020: require('luasnip.util.extend_decorator')
029.133  000.015  000.015: require('luasnip.loaders._caches')
029.159  000.025  000.025: require('luasnip.util.path')
029.167  000.067  000.027: require('luasnip.loaders')
029.196  000.028  000.028: require('luasnip.util.log')
029.250  000.015  000.015: require('luasnip.util.types')
029.266  000.015  000.015: require('luasnip.util.ext_opts')
029.285  000.019  000.019: require('luasnip.extras.filetype_functions')
029.359  000.153  000.104: require('luasnip.config')
029.360  000.609  000.053: require('luasnip')
029.669  001.888  000.346: require('config.plugins.cmp')
029.715  000.044  000.044: require('config.plugins.vimtex')
029.870  000.022  000.022: require('plenary.strings')
029.883  000.013  000.013: require('telescope.deprecated')
029.940  000.027  000.027: require('telescope.log')
029.984  000.016  000.016: require('telescope.state')
029.988  000.047  000.031: require('telescope.utils')
029.991  000.107  000.032: require('telescope.sorters')
030.822  001.005  000.864: require('telescope.config')
030.882  000.025  000.025: require('plenary.window.border')
030.902  000.020  000.020: require('plenary.window')
030.917  000.013  000.013: require('plenary.popup.utils')
030.919  000.095  000.038: require('plenary.popup')
030.937  000.017  000.017: require('telescope.pickers.scroller')
030.954  000.016  000.016: require('telescope.actions.state')
030.972  000.017  000.017: require('telescope.actions.utils')
031.010  000.018  000.018: require('telescope.actions.mt')
031.019  000.047  000.029: require('telescope.actions.set')
031.056  000.021  000.021: require('telescope.config.resolve')
031.058  000.038  000.018: require('telescope.pickers.entry_display')
031.072  000.013  000.013: require('telescope.from_entry')
031.176  001.431  000.182: require('telescope.actions')
031.236  000.014  000.014: require('telescope.pickers.window')
031.279  000.085  000.070: require('telescope.pickers.layout_strategies')
031.288  000.111  000.026: require('telescope.actions.layout')
031.306  000.017  000.017: require('telescope.themes')
031.342  000.017  000.017: require('telescope._extensions')
031.344  000.037  000.020: require('telescope')
031.843  002.126  000.530: require('config.plugins.telescope')
031.896  000.014  000.014: require('nvim-autopairs._log')
031.929  000.032  000.032: require('nvim-autopairs.utils')
031.987  000.022  000.022: require('nvim-autopairs.conds')
031.990  000.042  000.020: require('nvim-autopairs.rule')
031.991  000.062  000.020: require('nvim-autopairs.rules.basic')
031.996  000.151  000.043: require('nvim-autopairs')
032.903  000.030  000.030: require('vim.treesitter.language')
032.909  000.073  000.043: require('vim.treesitter.query')
032.944  000.034  000.034: require('vim.treesitter.languagetree')
032.967  000.637  000.530: require('vim.treesitter')
033.060  000.816  000.179: require('nvim-treesitter.parsers')
033.128  000.015  000.015: require('nvim-treesitter.compat')
033.196  000.028  000.028: require('nvim-treesitter.utils')
033.200  000.054  000.025: require('nvim-treesitter.ts_utils')
033.202  000.073  000.020: require('nvim-treesitter.tsrange')
033.216  000.013  000.013: require('nvim-treesitter.caching')
033.221  000.128  000.027: require('nvim-treesitter.query')
033.230  000.168  000.040: require('nvim-treesitter.configs')
033.284  000.017  000.017: require('nvim-treesitter.info')
033.310  000.026  000.026: require('nvim-treesitter.shell_command_selectors')
033.323  000.091  000.047: require('nvim-treesitter.install')
052.683  020.474  019.399: require('config.plugins.tree-sitter')
052.772  000.015  000.015: require('toggleterm.lazy')
052.787  000.013  000.013: require('toggleterm.constants')
052.830  000.042  000.042: require('toggleterm.terminal')
052.834  000.109  000.038: require('toggleterm')
052.872  000.018  000.018: require('toggleterm.colors')
052.892  000.019  000.019: require('toggleterm.utils')
052.895  000.059  000.023: require('toggleterm.config')
053.084  000.027  000.027: require('toggleterm.commandline')
053.108  000.422  000.227: require('config.plugins.toggleterm')
053.146  000.036  000.036: require('config.plugins.ts-rainbow')
053.232  000.021  000.021: require('indent_blankline/utils')
053.235  000.056  000.035: require('indent_blankline')
053.272  000.125  000.069: require('config.plugins.indent-blankline')
053.374  000.017  000.017: require('nvim-highlight-colors.table_utils')
053.375  000.032  000.015: require('nvim-highlight-colors.buffer_utils')
053.429  000.053  000.053: require('nvim-highlight-colors.named-colors.css')
053.466  000.036  000.036: require('nvim-highlight-colors.named-colors.tailwind')
053.500  000.019  000.019: require('nvim-highlight-colors.color.patterns')
053.502  000.035  000.017: require('nvim-highlight-colors.color.converters')
053.505  000.182  000.025: require('nvim-highlight-colors.color.utils')
053.506  000.209  000.028: require('nvim-highlight-colors.utils')
053.521  000.247  000.038: require('nvim-highlight-colors')
053.873  000.202  000.202: require('nvim-tree.notify')
053.878  000.226  000.024: require('nvim-tree.events')
053.939  000.017  000.017: require('nvim-tree.log')
053.979  000.017  000.017: require('nvim-tree.iterators.node-iterator')
053.997  000.057  000.041: require('nvim-tree.utils')
054.031  000.034  000.034: require('nvim-tree.git.utils')
054.053  000.021  000.021: require('nvim-tree.git.runner')
054.072  000.019  000.019: require('nvim-tree.watcher')
054.090  000.017  000.017: require('nvim-tree.explorer.node')
054.092  000.196  000.031: require('nvim-tree.git')
054.110  000.018  000.018: require('nvim-tree.explorer.watch')
054.141  000.015  000.015: require('nvim-tree.explorer.node-builders')
054.160  000.018  000.018: require('nvim-tree.explorer.sorters')
054.185  000.024  000.024: require('nvim-tree.explorer.filters')
054.240  000.036  000.036: require('nvim-tree.view')
054.243  000.057  000.021: require('nvim-tree.live-filter')
054.244  000.133  000.018: require('nvim-tree.explorer.explore')
054.264  000.020  000.020: require('nvim-tree.explorer.reload')
054.266  000.387  000.020: require('nvim-tree.explorer')
054.267  000.629  000.016: require('nvim-tree.core')
054.288  000.020  000.020: require('nvim-tree.diagnostics')
054.319  000.015  000.015: require('nvim-tree.modified')
054.326  000.037  000.022: require('nvim-tree.renderer.components.modified')
054.343  000.017  000.017: require('nvim-tree.renderer.components.padding')
054.360  000.017  000.017: require('nvim-tree.renderer.components.icons')
054.380  000.019  000.019: require('nvim-tree.renderer.components.full-name')
054.397  000.016  000.016: require('nvim-tree.renderer.help')
054.420  000.022  000.022: require('nvim-tree.renderer.components.git')
054.446  000.026  000.026: require('nvim-tree.renderer.builder')
054.464  000.018  000.018: require('nvim-tree.marks')
054.467  000.846  000.026: require('nvim-tree.renderer')
054.485  000.016  000.016: require('nvim-tree.actions.tree-modifiers.collapse-all')
054.500  000.014  000.014: require('nvim-tree.actions.root.dir-up')
054.518  000.018  000.018: require('nvim-tree.actions.root.change-dir')
054.537  000.018  000.018: require('nvim-tree.actions.reloaders.reloaders')
054.553  000.015  000.015: require('nvim-tree.actions.finders.find-file')
054.554  000.952  000.025: require('nvim-tree.lib')
054.575  000.021  000.021: require('nvim-tree.colors')
054.672  000.015  000.015: require('nvim-tree.actions.tree.open')
054.686  000.013  000.013: require('nvim-tree.actions.tree.toggle')
054.705  000.016  000.016: require('nvim-tree.actions.tree.find-file')
054.722  000.016  000.016: require('nvim-tree.actions.finders.search-node')
054.739  000.016  000.016: require('nvim-tree.actions.tree-modifiers.expand-all')
054.756  000.015  000.015: require('nvim-tree.actions.tree-modifiers.toggles')
054.774  000.017  000.017: require('nvim-tree.actions.fs.create-file')
054.793  000.017  000.017: require('nvim-tree.actions.fs.remove-file')
054.812  000.018  000.018: require('nvim-tree.actions.fs.trash')
054.830  000.017  000.017: require('nvim-tree.actions.fs.rename-file')
054.855  000.023  000.023: require('nvim-tree.actions.fs.copy-paste')
054.875  000.017  000.017: require('nvim-tree.actions.node.file-popup')
054.889  000.013  000.013: require('nvim-tree.actions.node.run-command')
054.911  000.021  000.021: require('nvim-tree.actions.node.system-open')
054.926  000.014  000.014: require('nvim-tree.actions.moves.sibling')
054.942  000.014  000.014: require('nvim-tree.actions.moves.parent')
054.958  000.013  000.013: require('nvim-tree.actions.moves.item')
054.977  000.015  000.015: require('nvim-tree.marks.bulk-move')
055.015  000.023  000.023: require('nvim-tree.actions.node.open-file')
055.017  000.039  000.016: require('nvim-tree.marks.navigation')
055.036  000.018  000.018: require('nvim-tree.keymap')
055.037  000.404  000.052: require('nvim-tree.api')
055.048  000.454  000.050: require('nvim-tree.keymap-legacy')
055.052  000.476  000.023: require('nvim-tree.commands')
055.068  000.014  000.014: require('nvim-tree.legacy')
055.084  001.532  000.069: require('nvim-tree')
055.239  000.019  000.019: require('nvim-tree.actions')
055.556  000.173  000.173: require('nvim-web-devicons')
056.413  002.891  001.167: require('config.plugins.nvim-tree')
056.635  000.219  000.219: require('config.plugins.luasnip')
056.954  034.204  000.797: sourcing /home/ramojus/.config/nvim/plugin/packer_compiled.lua
057.095  000.020  000.020: sourcing /usr/share/nvim/runtime/plugin/man.lua
057.119  000.907: loading rtp plugins
057.475  000.086  000.086: sourcing /home/ramojus/.local/share/nvim/site/pack/packer/start/Comment.nvim/plugin/Comment.lua
057.534  000.017  000.017: sourcing /home/ramojus/.local/share/nvim/site/pack/packer/start/LuaSnip/plugin/luasnip.vim
058.124  000.543  000.543: require('vim.filetype')
058.287  000.720  000.178: sourcing /home/ramojus/.local/share/nvim/site/pack/packer/start/LuaSnip/plugin/luasnip.lua
058.645  000.098  000.098: require('indent_blankline.commands')
058.684  000.209  000.111: sourcing /home/ramojus/.local/share/nvim/site/pack/packer/start/indent-blankline.nvim/plugin/indent_blankline.vim
058.777  000.022  000.022: sourcing /home/ramojus/.local/share/nvim/site/pack/packer/start/lush.nvim/plugin/lush.vim
058.959  000.024  000.024: sourcing /home/ramojus/.local/share/nvim/site/pack/packer/start/no-neck-pain.nvim/plugin/no-neck-pain.lua
059.073  000.021  000.021: require('cmp.utils.highlight')
059.233  000.198  000.177: sourcing /home/ramojus/.local/share/nvim/site/pack/packer/start/nvim-cmp/plugin/cmp.lua
059.303  000.027  000.027: sourcing /home/ramojus/.local/share/nvim/site/pack/packer/start/nvim-highlight-colors/plugin/nvim-highlight-colors.vim
059.409  000.037  000.037: sourcing /home/ramojus/.local/share/nvim/site/pack/packer/start/nvim-lspconfig/plugin/lspconfig.lua
060.245  000.076  000.076: require('scrollview')
060.259  000.817  000.741: sourcing /home/ramojus/.local/share/nvim/site/pack/packer/start/nvim-scrollview/plugin/scrollview.vim
060.417  000.018  000.018: require('nvim-treesitter.statusline')
060.443  000.024  000.024: require('nvim-treesitter.query_predicates')
060.445  000.065  000.022: require('nvim-treesitter')
060.625  000.257  000.193: sourcing /home/ramojus/.local/share/nvim/site/pack/packer/start/nvim-treesitter/plugin/nvim-treesitter.lua
060.698  000.021  000.021: require('rainbow')
060.712  000.042  000.020: sourcing /home/ramojus/.local/share/nvim/site/pack/packer/start/nvim-ts-rainbow/plugin/rainbow.vim
060.793  000.024  000.024: sourcing /home/ramojus/.local/share/nvim/site/pack/packer/start/nvim-web-devicons/plugin/nvim-web-devicons.vim
060.871  000.017  000.017: sourcing /home/ramojus/.local/share/nvim/site/pack/packer/start/plenary.nvim/plugin/plenary.vim
060.940  000.004  000.004: sourcing /home/ramojus/.local/share/nvim/site/pack/packer/start/shipwright.nvim/plugin/shipwright.vim
061.124  000.119  000.119: sourcing /home/ramojus/.local/share/nvim/site/pack/packer/start/telescope.nvim/plugin/telescope.lua
061.213  000.032  000.032: sourcing /home/ramojus/.local/share/nvim/site/pack/packer/start/vim/plugin/statusline.vim
061.890  000.628  000.628: sourcing /home/ramojus/.local/share/nvim/site/pack/packer/start/vim-fugitive/plugin/fugitive.vim
062.179  000.211  000.211: sourcing /home/ramojus/.local/share/nvim/site/pack/packer/start/vim-sleuth/plugin/sleuth.vim
062.294  000.054  000.054: sourcing /home/ramojus/.local/share/nvim/site/pack/packer/start/vim-startify/plugin/startify.vim
062.532  000.186  000.186: sourcing /home/ramojus/.local/share/nvim/site/pack/packer/start/vim-surround/plugin/surround.vim
062.611  000.016  000.016: sourcing /home/ramojus/.local/share/nvim/site/pack/packer/start/vimtex/plugin/vimtex.vim
062.701  001.837: loading packages
063.861  000.016  000.016: require('cmp_buffer.timer')
063.864  000.041  000.025: require('cmp_buffer.buffer')
063.866  000.065  000.024: require('cmp_buffer.source')
063.867  000.088  000.023: require('cmp_buffer')
063.914  000.165  000.078: sourcing /home/ramojus/.local/share/nvim/site/pack/packer/start/cmp-buffer/after/plugin/cmp_buffer.lua
064.010  000.049  000.049: require('cmp_cmdline')
064.020  000.069  000.020: sourcing /home/ramojus/.local/share/nvim/site/pack/packer/start/cmp-cmdline/after/plugin/cmp_cmdline.lua
064.080  000.018  000.018: sourcing /home/ramojus/.local/share/nvim/site/pack/packer/start/cmp-nvim-lsp/after/plugin/cmp_nvim_lsp.lua
064.147  000.031  000.031: require('cmp_nvim_lua')
064.158  000.048  000.017: sourcing /home/ramojus/.local/share/nvim/site/pack/packer/start/cmp-nvim-lua/after/plugin/cmp_nvim_lua.lua
064.230  000.034  000.034: require('cmp_path')
064.236  000.046  000.012: sourcing /home/ramojus/.local/share/nvim/site/pack/packer/start/cmp-path/after/plugin/cmp_path.lua
064.299  000.021  000.021: require('cmp-spell')
064.305  000.037  000.016: sourcing /home/ramojus/.local/share/nvim/site/pack/packer/start/cmp-spell/after/plugin/cmp-spell.lua
064.367  000.023  000.023: require('cmp_luasnip')
064.384  000.047  000.024: sourcing /home/ramojus/.local/share/nvim/site/pack/packer/start/cmp_luasnip/after/plugin/cmp_luasnip.lua
064.396  001.265: loading after plugins
064.404  000.007: inits 3
067.024  002.620: reading ShaDa
067.196  000.028  000.028: require('luasnip.loaders.util')
067.200  000.064  000.036: require('luasnip.loaders.from_lua')
067.363  000.019  000.019: require('luasnip.nodes.util')
067.385  000.016  000.016: require('luasnip.util.events')
067.390  000.071  000.036: require('luasnip.nodes.node')
067.473  000.082  000.082: require('luasnip.nodes.insertNode')
067.496  000.023  000.023: require('luasnip.nodes.textNode')
067.518  000.021  000.021: require('luasnip.util.mark')
067.537  000.018  000.018: require('luasnip.util.pattern_tokenizer')
067.553  000.015  000.015: require('luasnip.util.dict')
067.567  000.288  000.060: require('luasnip.nodes.snippet')
067.632  000.019  000.019: require('luasnip.util.parser.neovim_ast')
067.658  000.025  000.025: require('luasnip.util.str')
068.146  000.021  000.021: require('luasnip.util.directed_graph')
068.149  000.559  000.494: require('luasnip.util.parser.ast_utils')
068.179  000.028  000.028: require('luasnip.nodes.functionNode')
068.216  000.036  000.036: require('luasnip.nodes.choiceNode')
068.255  000.038  000.038: require('luasnip.nodes.dynamicNode')
068.285  000.029  000.029: require('luasnip.util.functions')
068.291  000.723  000.031: require('luasnip.util.parser.ast_parser')
068.366  000.074  000.074: require('luasnip.util.parser.neovim_parser')
068.369  001.111  000.026: require('luasnip.util.parser')
068.372  001.133  000.021: require('luasnip.nodes.snippetProxy')
068.376  001.161  000.029: require('luasnip.loaders.from_snipmate')
068.499  000.076  000.076: require('luasnip.util.jsonc')
068.503  000.113  000.038: require('luasnip.loaders.from_vscode')
068.824  000.044  000.044: require('nvim-treesitter.indent')
069.009  000.042  000.042: require('nvim-treesitter.locals')
069.041  000.592: opening buffers
069.112  000.071: BufEnter autocommands
069.113  000.002: editing files in windows
069.155  000.030  000.030: require('mason-core.terminator')
086.438  000.055  000.055: require('mason-core.functional.type')
091.257  000.111  000.111: require('mason-core.managers.github.client')
091.524  000.085  000.085: require('mason-core.receipt')
091.547  000.208  000.123: require('mason-core.installer.context')
091.592  000.044  000.044: require('mason-core.async.control')
091.648  000.055  000.055: require('mason-core.installer.linker')
091.654  000.394  000.088: require('mason-core.installer')
091.723  000.068  000.068: require('mason-core.managers.std')
091.727  000.669  000.096: require('mason-core.managers.github')
091.736  000.755  000.086: require('mason-registry.index.texlab')
091.800  000.029  000.029: require('mason-registry.index.julia-lsp')
091.866  000.027  000.027: require('mason-registry.index.haskell-language-server')
092.004  000.033  000.033: require('vim.fs')
092.124  000.015  000.015: require('gitsigns.signs.base')
092.125  000.030  000.015: require('gitsigns.signs')
092.141  000.015  000.015: require('gitsigns.status')
092.162  000.020  000.020: require('gitsigns.util')
092.164  000.089  000.024: require('gitsigns.hunks')
092.215  000.016  000.016: require('gitsigns.subprocess')
092.245  000.080  000.064: require('gitsigns.git')
092.247  000.190  000.022: require('gitsigns.cache')
